<?xml version="1.0" encoding="UTF-8"?>
<!-- Generated by org.testng.reporters.JUnitReportReporter -->
<testsuite hostname="LIN-1NWYV64" failures="0" tests="1" name="standalone.MakeMyTripTestNG" time="49.307" errors="0" timestamp="2025-02-01T11:21:48 IST" skipped="0">
  <testcase classname="standalone.MakeMyTripTestNG" name="performBooking" time="49.307"/>
  <system-out/>
</testsuite> <!-- standalone.MakeMyTripTestNG -->
