<?xml version="1.0" encoding="UTF-8"?>
<!-- Generated by org.testng.reporters.JUnitReportReporter -->
<testsuite hostname="LIN-1NWYV64" failures="0" tests="1" name="runner.TestNGRunner" time="55.912" errors="0" timestamp="2025-02-03T09:31:42 IST" skipped="0">
  <testcase classname="runner.TestNGRunner" name="runScenario" time="55.912"/>
  <system-out/>
</testsuite> <!-- runner.TestNGRunner -->
